2023-02-01 15:26:58   train_only.py --dataset_folder /content/small --groups_num 1 --epochs_num 3 --batch_size 16 --iterations_per_epoch 5000 --loss_function cosface --hflip 0 --rerasing 0
2023-02-01 15:26:58   Arguments: Namespace(L=2, M=10, N=5, alpha=30, augmentation_device='cuda', backbone='resnet18', batch_size=16, best_model=None, brightness=0.7, classifiers_lr=0.01, contrast=0.7, dataset_folder='/content/small', device='cuda', epochs_num=3, fc_output_dim=512, gblur=0.25, groups_num=1, hflip=0.0, hue=0.5, infer_batch_size=16, iterations_per_epoch=5000, loss_function='cosface', lr=1e-05, min_images_per_class=10, num_workers=8, positive_dist_threshold=25, random_resized_crop=0.5, rerasing=0.0, resume_model=None, resume_train=None, rgrayscale=0.25, saturation=0.7, save_dir='default', seed=0, test_set_folder='/content/small/test', train_set_folder='/content/small/train', use_amp16=False, val_set_folder='/content/small/val')
2023-02-01 15:26:58   The outputs are being saved in AML23-CosPlace/model/results/best_2023-02-01_15-26-58
2023-02-01 15:26:58   Train only layer3 and layer4 of the resnet18, freeze the previous ones
2023-02-01 15:26:59   There are 1 GPUs and 2 CPUs.
2023-02-01 15:27:03   Using cached dataset cache/small_M10_N5_mipc10.torch
2023-02-01 15:27:03   Using 1 groups
2023-02-01 15:27:03   The 1 groups have respectively the following number of classes [5965]
2023-02-01 15:27:03   The 1 groups have respectively the following number of images [59650]
2023-02-01 15:27:03   Start training ...
2023-02-01 15:27:03   There are 5965 classes for the first group, each epoch has 5000 iterations with batch_size 16, therefore the model sees each class (on average) 13.4 times per epoch
2023-02-01 15:27:03   Validation set: < val - #q: 7993; #db: 8015 >
2023-02-01 15:46:29   Epoch 00 in 0:19:26, loss = 14.3838
2023-02-01 15:46:29   Extracting database descriptors for evaluation/testing
2023-02-01 15:47:33   Extracting queries descriptors for evaluation/testing using batch size 1
2023-02-01 15:49:22   Calculating recalls
2023-02-01 15:49:23   Epoch 00 in 0:22:20, < val - #q: 7993; #db: 8015 >: R@1: 69.5, R@5: 81.5
2023-02-01 16:08:51   Epoch 01 in 0:19:27, loss = 7.0868
2023-02-01 16:08:51   Extracting database descriptors for evaluation/testing
2023-02-01 16:09:52   Extracting queries descriptors for evaluation/testing using batch size 1
2023-02-01 16:11:40   Calculating recalls
2023-02-01 16:11:42   Epoch 01 in 0:22:17, < val - #q: 7993; #db: 8015 >: R@1: 75.5, R@5: 86.2
2023-02-01 16:31:00   Epoch 02 in 0:19:17, loss = 5.3359
2023-02-01 16:31:00   Extracting database descriptors for evaluation/testing
2023-02-01 16:31:57   Extracting queries descriptors for evaluation/testing using batch size 1
2023-02-01 16:33:37   Calculating recalls
2023-02-01 16:33:38   Epoch 02 in 0:21:55, < val - #q: 7993; #db: 8015 >: R@1: 78.0, R@5: 87.6
2023-02-01 16:33:38   Trained for 03 epochs, in total in 1:06:40
2023-02-01 16:33:38   Best model is saved in AML23-CosPlace/model/results/best_2023-02-01_15-26-58/best_model.pth
2023-02-01 16:33:38   Experiment finished (without any errors)
