2023-02-01 08:46:57   train_only.py --dataset_folder /content/small --groups_num 1 --epochs_num 3 --batch_size 16 --iterations_per_epoch 5000 --loss_function cosface
2023-02-01 08:46:57   Arguments: Namespace(L=2, M=10, N=5, alpha=30, augmentation_device='cuda', backbone='resnet18', batch_size=16, best_model=None, brightness=0.7, classifiers_lr=0.01, contrast=0.7, dataset_folder='/content/small', device='cuda', epochs_num=3, fc_output_dim=512, gblur=0.25, groups_num=1, hflip=0.25, hue=0.5, infer_batch_size=16, iterations_per_epoch=5000, loss_function='cosface', lr=1e-05, min_images_per_class=10, num_workers=8, positive_dist_threshold=25, random_resized_crop=0.5, rerasing=0.25, resume_model=None, resume_train=None, rgrayscale=0.25, saturation=0.7, save_dir='default', seed=0, test_set_folder='/content/small/test', train_set_folder='/content/small/train', use_amp16=False, val_set_folder='/content/small/val')
2023-02-01 08:46:57   The outputs are being saved in AML23-CosPlace/model/results/best_2023-02-01_08-46-57
2023-02-01 08:46:58   Train only layer3 and layer4 of the resnet18, freeze the previous ones
2023-02-01 08:46:58   There are 1 GPUs and 2 CPUs.
2023-02-01 08:47:01   Using cached dataset cache/small_M10_N5_mipc10.torch
2023-02-01 08:47:01   Using 1 groups
2023-02-01 08:47:01   The 1 groups have respectively the following number of classes [5965]
2023-02-01 08:47:01   The 1 groups have respectively the following number of images [59650]
2023-02-01 08:47:01   Start training ...
2023-02-01 08:47:01   There are 5965 classes for the first group, each epoch has 5000 iterations with batch_size 16, therefore the model sees each class (on average) 13.4 times per epoch
2023-02-01 08:47:02   Validation set: < val - #q: 7993; #db: 8015 >
2023-02-01 09:06:10   Epoch 00 in 0:19:08, loss = 15.0482
2023-02-01 09:06:10   Extracting database descriptors for evaluation/testing
2023-02-01 09:07:07   Extracting queries descriptors for evaluation/testing using batch size 1
2023-02-01 09:08:48   Calculating recalls
2023-02-01 09:08:49   Epoch 00 in 0:21:47, < val - #q: 7993; #db: 8015 >: R@1: 68.8, R@5: 81.0
2023-02-01 09:27:58   Epoch 01 in 0:19:08, loss = 8.1196
2023-02-01 09:27:58   Extracting database descriptors for evaluation/testing
2023-02-01 09:28:55   Extracting queries descriptors for evaluation/testing using batch size 1
2023-02-01 09:30:36   Calculating recalls
2023-02-01 09:30:37   Epoch 01 in 0:21:47, < val - #q: 7993; #db: 8015 >: R@1: 75.3, R@5: 85.8
2023-02-01 09:49:45   Epoch 02 in 0:19:07, loss = 6.3967
2023-02-01 09:49:45   Extracting database descriptors for evaluation/testing
2023-02-01 09:50:42   Extracting queries descriptors for evaluation/testing using batch size 1
2023-02-01 09:52:20   Calculating recalls
2023-02-01 09:52:21   Epoch 02 in 0:21:43, < val - #q: 7993; #db: 8015 >: R@1: 78.0, R@5: 87.5
2023-02-01 09:52:22   Trained for 03 epochs, in total in 1:05:24
2023-02-01 09:52:22   Best model is saved in AML23-CosPlace/model/results/best_2023-02-01_08-46-57/best_model.pth
2023-02-01 09:52:22   Experiment finished (without any errors)
