2023-02-02 16:08:45   train_only.py --dataset_folder /content/small --groups_num 1 --epochs_num 3 --batch_size 32 --loss_function cosface
2023-02-02 16:08:45   Arguments: Namespace(L=2, M=10, N=5, alpha=30, augmentation_device='cuda', backbone='resnet18', batch_size=32, best_model=None, brightness=0.7, classifiers_lr=0.01, contrast=0.7, dataset_folder='/content/small', device='cuda', epochs_num=3, fc_output_dim=512, gblur=0.25, grl=False, groups_num=1, hflip=0.25, hue=0.5, infer_batch_size=16, iterations_per_epoch=10000, loss_function='cosface', lr=1e-05, min_images_per_class=10, num_workers=8, positive_dist_threshold=25, random_resized_crop=0.5, rerasing=0.25, resume_model=None, resume_train=None, rgrayscale=0.25, saturation=0.7, save_dir='default', seed=0, test_set_folder='/content/small/test', train_set_folder='/content/small/train', use_amp16=False, val_set_folder='/content/small/val')
2023-02-02 16:08:45   The outputs are being saved in AML23-CosPlace/model/results/best_2023-02-02_16-08-45
2023-02-02 16:08:45   Train only layer3 and layer4 of the resnet18, freeze the previous ones
2023-02-02 16:08:46   There are 1 GPUs and 12 CPUs.
2023-02-02 16:08:47   Using cached dataset cache/small_M10_N5_mipc10.torch
2023-02-02 16:08:47   Using 1 groups
2023-02-02 16:08:47   The 1 groups have respectively the following number of classes [5965]
2023-02-02 16:08:47   The 1 groups have respectively the following number of images [79574]
2023-02-02 16:08:47   Start training ...
2023-02-02 16:08:47   There are 5965 classes for the first group, each epoch has 10000 iterations with batch_size 32, therefore the model sees each class (on average) 53.6 times per epoch
2023-02-02 16:08:47   Validation set: < val - #q: 15986; #db: 8015 >
2023-02-02 16:26:03   Epoch 00 in 0:17:15, loss = 9.2936
2023-02-02 16:26:03   Extracting database descriptors for evaluation/testing
2023-02-02 16:26:16   Extracting queries descriptors for evaluation/testing using batch size 1
2023-02-02 16:28:00   Calculating recalls
2023-02-02 16:28:03   Epoch 00 in 0:19:15, < val - #q: 15986; #db: 8015 >: R@1: 75.8, R@5: 86.4
2023-02-02 16:45:06   Epoch 01 in 0:17:02, loss = 4.6491
2023-02-02 16:45:06   Extracting database descriptors for evaluation/testing
2023-02-02 16:45:18   Extracting queries descriptors for evaluation/testing using batch size 1
2023-02-02 16:47:03   Calculating recalls
2023-02-02 16:47:06   Epoch 01 in 0:19:02, < val - #q: 15986; #db: 8015 >: R@1: 80.3, R@5: 89.0
2023-02-02 17:04:09   Epoch 02 in 0:17:02, loss = 3.6669
2023-02-02 17:04:09   Extracting database descriptors for evaluation/testing
2023-02-02 17:04:22   Extracting queries descriptors for evaluation/testing using batch size 1
2023-02-02 17:06:06   Calculating recalls
2023-02-02 17:06:09   Epoch 02 in 0:19:02, < val - #q: 15986; #db: 8015 >: R@1: 81.9, R@5: 89.9
2023-02-02 17:06:10   Trained for 03 epochs, in total in 0:57:24
2023-02-02 17:06:10   Best model is saved in AML23-CosPlace/model/results/best_2023-02-02_16-08-45/best_model.pth
2023-02-02 17:06:10   Experiment finished (without any errors)
